{"uid":"75a21b54ba0cd27b","name":"test_login","fullName":"tests.test_login.TestLogin#test_login","historyId":"2116f0ad00ab1de0effc54f114dd9496","time":{"start":1760575388708,"stop":1760575392721,"duration":4013},"description":"Test for logging in and verifying the dashboard title","descriptionHtml":"<p>Test for logging in and verifying the dashboard title</p>\n","status":"failed","statusMessage":"AssertionError: assert 'OrangeHRM' == 'Orange1HRM'\n  \n  \u001B[0m\u001B[91m- Orange1HRM\u001B[39;49;00m\u001B[90m\u001B[39;49;00m\n  ?       -\u001B[90m\u001B[39;49;00m\n  \u001B[92m+ OrangeHRM\u001B[39;49;00m\u001B[90m\u001B[39;49;00m","statusTrace":"self = <test_login.TestLogin object at 0x000001C669571FD0>\n\n    def test_login(self):\n        \"\"\"Test for logging in and verifying the dashboard title\"\"\"\n        driver = self.driver\n        driver.get(utils.URL)\n    \n        login = LoginPage(driver)\n        login.enter_username(utils.USERNAME)\n        login.enter_password(utils.PASSWORD)\n        login.click_login()\n    \n        WebDriverWait(driver, 20).until(\n            ec.visibility_of_element_located((By.XPATH, \"//h6[normalize-space()='Dashboard']\"))\n        )\n    \n        # If this fails, pytest hook will automatically take screenshot\n>       assert driver.title == \"Orange1HRM\"\nE       AssertionError: assert 'OrangeHRM' == 'Orange1HRM'\nE         \nE         \u001B[0m\u001B[91m- Orange1HRM\u001B[39;49;00m\u001B[90m\u001B[39;49;00m\nE         ?       -\u001B[90m\u001B[39;49;00m\nE         \u001B[92m+ OrangeHRM\u001B[39;49;00m\u001B[90m\u001B[39;49;00m\n\ntests\\test_login.py:31: AssertionError","flaky":false,"newFailed":false,"newBroken":false,"newPassed":false,"retriesCount":1,"retriesStatusChange":true,"beforeStages":[{"name":"test_setup","time":{"start":1760575380785,"stop":1760575388708,"duration":7923},"status":"passed","steps":[],"attachments":[],"parameters":[],"stepsCount":0,"hasContent":false,"attachmentStep":false,"attachmentsCount":0,"shouldDisplayMessage":false}],"testStage":{"description":"Test for logging in and verifying the dashboard title","status":"failed","statusMessage":"AssertionError: assert 'OrangeHRM' == 'Orange1HRM'\n  \n  \u001B[0m\u001B[91m- Orange1HRM\u001B[39;49;00m\u001B[90m\u001B[39;49;00m\n  ?       -\u001B[90m\u001B[39;49;00m\n  \u001B[92m+ OrangeHRM\u001B[39;49;00m\u001B[90m\u001B[39;49;00m","statusTrace":"self = <test_login.TestLogin object at 0x000001C669571FD0>\n\n    def test_login(self):\n        \"\"\"Test for logging in and verifying the dashboard title\"\"\"\n        driver = self.driver\n        driver.get(utils.URL)\n    \n        login = LoginPage(driver)\n        login.enter_username(utils.USERNAME)\n        login.enter_password(utils.PASSWORD)\n        login.click_login()\n    \n        WebDriverWait(driver, 20).until(\n            ec.visibility_of_element_located((By.XPATH, \"//h6[normalize-space()='Dashboard']\"))\n        )\n    \n        # If this fails, pytest hook will automatically take screenshot\n>       assert driver.title == \"Orange1HRM\"\nE       AssertionError: assert 'OrangeHRM' == 'Orange1HRM'\nE         \nE         \u001B[0m\u001B[91m- Orange1HRM\u001B[39;49;00m\u001B[90m\u001B[39;49;00m\nE         ?       -\u001B[90m\u001B[39;49;00m\nE         \u001B[92m+ OrangeHRM\u001B[39;49;00m\u001B[90m\u001B[39;49;00m\n\ntests\\test_login.py:31: AssertionError","steps":[],"attachments":[{"uid":"f617dffa0ace4e4","name":"test_login_2025-10-15_20-43-13.png","source":"f617dffa0ace4e4.png","type":"image/png","size":156616}],"parameters":[],"stepsCount":0,"hasContent":true,"attachmentStep":false,"attachmentsCount":1,"shouldDisplayMessage":true},"afterStages":[{"name":"test_setup::0","time":{"start":1760575395265,"stop":1760575397505,"duration":2240},"status":"passed","steps":[],"attachments":[],"parameters":[],"stepsCount":0,"hasContent":false,"attachmentStep":false,"attachmentsCount":0,"shouldDisplayMessage":false}],"labels":[{"name":"parentSuite","value":"tests"},{"name":"suite","value":"test_login"},{"name":"subSuite","value":"TestLogin"},{"name":"host","value":"DESKTOP-EQ3CCLK"},{"name":"thread","value":"21052-MainThread"},{"name":"framework","value":"pytest"},{"name":"language","value":"cpython3"},{"name":"package","value":"tests.test_login"},{"name":"resultFormat","value":"allure2"}],"parameters":[],"links":[],"hidden":false,"retry":false,"extra":{"severity":"normal","retries":[{"uid":"a61308c3e81e8156","status":"passed","time":{"start":1760572531815,"stop":1760572536688,"duration":4873}}],"categories":[{"name":"Product defects","matchedStatuses":[]}],"tags":[]},"source":"75a21b54ba0cd27b.json","parameterValues":[]}