{"name": "test_login", "status": "failed", "statusDetails": {"message": "AssertionError: assert 'OrangeHRM' == 'Orange1HRM'\n  \n  \u001b[0m\u001b[91m- Orange1HRM\u001b[39;49;00m\u001b[90m\u001b[39;49;00m\n  ?       -\u001b[90m\u001b[39;49;00m\n  \u001b[92m+ OrangeHRM\u001b[39;49;00m\u001b[90m\u001b[39;49;00m", "trace": "self = <test_login.TestLogin object at 0x000001EDBED6A250>\n\n    def test_login(self):\n        \"\"\"Test for logging in and verifying the dashboard title\"\"\"\n        driver = self.driver\n        driver.get(utils.URL)\n    \n        login = LoginPage(driver)\n        login.enter_username(utils.USERNAME)\n        login.enter_password(utils.PASSWORD)\n        login.click_login()\n    \n        WebDriverWait(driver, 20).until(\n            ec.visibility_of_element_located((By.XPATH, \"//h6[normalize-space()='Dashboard']\"))\n        )\n    \n        # If this fails, pytest hook will automatically take screenshot\n>       assert driver.title == \"Orange1HRM\"\nE       AssertionError: assert 'OrangeHRM' == 'Orange1HRM'\nE         \nE         \u001b[0m\u001b[91m- Orange1HRM\u001b[39;49;00m\u001b[90m\u001b[39;49;00m\nE         ?       -\u001b[90m\u001b[39;49;00m\nE         \u001b[92m+ OrangeHRM\u001b[39;49;00m\u001b[90m\u001b[39;49;00m\n\ntests\\test_login.py:31: AssertionError"}, "description": "Test for logging in and verifying the dashboard title", "attachments": [{"name": "test_login_2025-10-22_18-40-30.png", "source": "967aa323-1b83-48f7-beea-7bc8ecdbfe55-attachment.png", "type": "image/png"}], "start": 1761172826117, "stop": 1761172830232, "uuid": "34dac7d3-7271-4448-8f19-74d85d13f51f", "historyId": "2116f0ad00ab1de0effc54f114dd9496", "testCaseId": "2116f0ad00ab1de0effc54f114dd9496", "fullName": "tests.test_login.TestLogin#test_login", "labels": [{"name": "parentSuite", "value": "tests"}, {"name": "suite", "value": "test_login"}, {"name": "subSuite", "value": "TestLogin"}, {"name": "host", "value": "DESKTOP-EQ3CCLK"}, {"name": "thread", "value": "17236-MainThread"}, {"name": "framework", "value": "pytest"}, {"name": "language", "value": "cpython3"}, {"name": "package", "value": "tests.test_login"}], "titlePath": ["tests", "test_login.py", "TestLogin"]}